{"logTime": "0330/095135", "correlationVector":"RGVYrxx9M0gkONmI1Gc7J4.1","action":"SyncServerConnectionManagerRequest", "result":"SYNC_SERVER_OK", "context":{"environment":"Prod_SoutheastAsia_000j", "migrationStage":"NotStarted", "server":"GENERAL0300000P"}}
{"logTime": "0330/095135", "correlationVector":"RGVYrxx9M0gkONmI1Gc7J4","action":"Initial GetUpdates", "result":"", "context":Reason: NEW_CLIENT. cV=RGVYrxx9M0gkONmI1Gc7J4}
{"logTime": "0330/095135", "correlationVector":"RGVYrxx9M0gkONmI1Gc7J4.2","action":"GetUpdates Response", "result":"Success", "context":Received 1 update(s). cV=RGVYrxx9M0gkONmI1Gc7J4.0;server=GENERAL0300000P;cloudType=Consumer;environment=Prod_SoutheastAsia_000j;migrationStage=NotStarted}
{"logTime": "0330/095138", "correlationVector":"5srYU2rKw7MfJzHQ8N2PBb","action":"SyncServerConnectionManagerRequest", "result":"SYNC_SERVER_OK", "context":{"environment":"", "migrationStage":"", "server":""}}
{"logTime": "0330/095138", "correlationVector":"4vJ4WfR5OSB54MLcepiSZn","action":"Initial GetUpdates", "result":"", "context":Reason: NEW_CLIENT. cV=4vJ4WfR5OSB54MLcepiSZn}
{"logTime": "0330/095139", "correlationVector":"4vJ4WfR5OSB54MLcepiSZn.1","action":"SyncServerConnectionManagerRequest", "result":"SYNC_SERVER_OK", "context":{"environment":"Prod_SoutheastAsia_000j", "migrationStage":"NotStarted", "server":"GENERAL03000014"}}
{"logTime": "0330/095139", "correlationVector":"4vJ4WfR5OSB54MLcepiSZn.2","action":"GetUpdates Response", "result":"Success", "context":Received 230 update(s). cV=4vJ4WfR5OSB54MLcepiSZn.0;server=GENERAL03000014;cloudType=Consumer;environment=Prod_SoutheastAsia_000j;migrationStage=NotStarted Some updates remain.}
{"logTime": "0330/095139", "correlationVector":"VXi/ff8P2Rmynp2qWLiboT","action":"Initial GetUpdates", "result":"", "context":Reason: NEW_CLIENT. cV=VXi/ff8P2Rmynp2qWLiboT}
{"logTime": "0330/095140", "correlationVector":"VXi/ff8P2Rmynp2qWLiboT.1","action":"SyncServerConnectionManagerRequest", "result":"SYNC_SERVER_OK", "context":{"environment":"Prod_SoutheastAsia_000j", "migrationStage":"NotStarted", "server":"GENERAL0300000K"}}
{"logTime": "0330/095140", "correlationVector":"VXi/ff8P2Rmynp2qWLiboT.2","action":"GetUpdates Response", "result":"Success", "context":Received 202 update(s). cV=VXi/ff8P2Rmynp2qWLiboT.0;server=GENERAL0300000K;cloudType=Consumer;environment=Prod_SoutheastAsia_000j;migrationStage=NotStarted Some updates remain.}
{"logTime": "0330/095140", "correlationVector":"hskzYJnKOEiKhYuM7IZNp6","action":"Initial GetUpdates", "result":"", "context":Reason: NEW_CLIENT. cV=hskzYJnKOEiKhYuM7IZNp6}
{"logTime": "0330/095140", "correlationVector":"hskzYJnKOEiKhYuM7IZNp6.1","action":"SyncServerConnectionManagerRequest", "result":"SYNC_SERVER_OK", "context":{"environment":"Prod_SoutheastAsia_000j", "migrationStage":"NotStarted", "server":"GENERAL0300000P"}}
{"logTime": "0330/095140", "correlationVector":"hskzYJnKOEiKhYuM7IZNp6.2","action":"GetUpdates Response", "result":"Success", "context":Received 95 update(s). cV=hskzYJnKOEiKhYuM7IZNp6.0;server=GENERAL0300000P;cloudType=Consumer;environment=Prod_SoutheastAsia_000j;migrationStage=NotStarted}
{"logTime": "0330/095140", "correlationVector":"GwrDCj8mIhjHA0uu4hzyQD","action":"Initial GetUpdates", "result":"", "context":Reason: NEWLY_SUPPORTED_DATATYPE. cV=GwrDCj8mIhjHA0uu4hzyQD}
{"logTime": "0330/095141", "correlationVector":"GwrDCj8mIhjHA0uu4hzyQD.1","action":"SyncServerConnectionManagerRequest", "result":"SYNC_SERVER_OK", "context":{"environment":"Prod_SoutheastAsia_000j", "migrationStage":"NotStarted", "server":"GENERAL01000005"}}
{"logTime": "0330/095141", "correlationVector":"GwrDCj8mIhjHA0uu4hzyQD.2","action":"GetUpdates", "result":"DeleteReceived", "context":{"id":"7cd14ecc-a4e0-4bf0-b5bf-b2e6bba57e92", "isDeleted:":"true", "version":"1681155255137"}}
{"logTime": "0330/095141", "correlationVector":"GwrDCj8mIhjHA0uu4hzyQD.3","action":"GetUpdates", "result":"DeleteReceived", "context":{"id":"efb2bec8-1cdb-4e36-97d4-b8a1261a73fd", "isDeleted:":"true", "version":"1685097075496"}}
{"logTime": "0330/095141", "correlationVector":"GwrDCj8mIhjHA0uu4hzyQD.4","action":"GetUpdates", "result":"DeleteReceived", "context":{"id":"d4c86a9a-17d2-41d2-9a59-4d3c3f004b6e", "isDeleted:":"true", "version":"1685097075497"}}
{"logTime": "0330/095141", "correlationVector":"GwrDCj8mIhjHA0uu4hzyQD.5","action":"GetUpdates", "result":"DeleteReceived", "context":{"id":"8df0024f-9409-496a-8f2b-2188692b7c72", "isDeleted:":"true", "version":"1685097075498"}}
{"logTime": "0330/095141", "correlationVector":"GwrDCj8mIhjHA0uu4hzyQD.6","action":"GetUpdates", "result":"DeleteReceived", "context":{"id":"2222696c-3d43-4c4e-bbe4-24b21334bc65", "isDeleted:":"true", "version":"1685980259347"}}
{"logTime": "0330/095141", "correlationVector":"GwrDCj8mIhjHA0uu4hzyQD.7","action":"GetUpdates", "result":"DeleteReceived", "context":{"id":"1a438a37-40e8-4617-9f84-34aced5596b9", "isDeleted:":"true", "version":"1686491452512"}}
{"logTime": "0330/095141", "correlationVector":"GwrDCj8mIhjHA0uu4hzyQD.8","action":"GetUpdates", "result":"DeleteReceived", "context":{"id":"a9cd5975-48f2-4773-8385-97b8ffa06be1", "isDeleted:":"true", "version":"1691606012609"}}
{"logTime": "0330/095141", "correlationVector":"GwrDCj8mIhjHA0uu4hzyQD.9","action":"GetUpdates", "result":"DeleteReceived", "context":{"id":"81e1d282-67ee-4f0d-8bc7-54d200468890", "isDeleted:":"true", "version":"1691606019943"}}
{"logTime": "0330/095141", "correlationVector":"GwrDCj8mIhjHA0uu4hzyQD.10","action":"GetUpdates", "result":"DeleteReceived", "context":{"id":"06aa06c5-0cf4-47aa-8874-6369df5b209d", "isDeleted:":"true", "version":"1691606023202"}}
{"logTime": "0330/095141", "correlationVector":"GwrDCj8mIhjHA0uu4hzyQD.11","action":"GetUpdates", "result":"DeleteReceived", "context":{"id":"912d7fa4-a721-4dfc-8ef2-af66a05cfedd", "isDeleted:":"true", "version":"1691606029786"}}
{"logTime": "0330/095141", "correlationVector":"GwrDCj8mIhjHA0uu4hzyQD.12","action":"GetUpdates", "result":"DeleteReceived", "context":{"id":"862e06b2-036d-4f25-b0c6-e17b7e29099b", "isDeleted:":"true", "version":"1691606036636"}}
{"logTime": "0330/095141", "correlationVector":"GwrDCj8mIhjHA0uu4hzyQD.13","action":"GetUpdates", "result":"DeleteReceived", "context":{"id":"5cc85625-c708-430f-ab77-c1f78d7d3efc", "isDeleted:":"true", "version":"1692462636426"}}
{"logTime": "0330/095141", "correlationVector":"GwrDCj8mIhjHA0uu4hzyQD.14","action":"GetUpdates", "result":"DeleteReceived", "context":{"id":"dfda261b-a81b-4fac-a90b-32a99ce01a5f", "isDeleted:":"true", "version":"1694024187949"}}
{"logTime": "0330/095141", "correlationVector":"GwrDCj8mIhjHA0uu4hzyQD.15","action":"GetUpdates", "result":"DeleteReceived", "context":{"id":"d632bb87-19ad-4a4c-b812-45c59d5a90e0", "isDeleted:":"true", "version":"1694526030526"}}
{"logTime": "0330/095141", "correlationVector":"GwrDCj8mIhjHA0uu4hzyQD.16","action":"GetUpdates", "result":"DeleteReceived", "context":{"id":"ef20ec1c-a3fd-4dbe-a58f-518ec1f4bbe6", "isDeleted:":"true", "version":"1694526030527"}}
{"logTime": "0330/095141", "correlationVector":"GwrDCj8mIhjHA0uu4hzyQD.17","action":"GetUpdates", "result":"DeleteReceived", "context":{"id":"ad942efc-b604-4a57-b738-f75626dd1d28", "isDeleted:":"true", "version":"1694526041829"}}
{"logTime": "0330/095141", "correlationVector":"GwrDCj8mIhjHA0uu4hzyQD.18","action":"GetUpdates", "result":"DeleteReceived", "context":{"id":"f471a75a-10a0-45a9-9e00-22cbf9868140", "isDeleted:":"true", "version":"1694526134560"}}
{"logTime": "0330/095141", "correlationVector":"GwrDCj8mIhjHA0uu4hzyQD.19","action":"GetUpdates", "result":"DeleteReceived", "context":{"id":"b21fe118-d6c6-4255-91cb-86c4f3f406c0", "isDeleted:":"true", "version":"1694526134561"}}
{"logTime": "0330/095141", "correlationVector":"GwrDCj8mIhjHA0uu4hzyQD.20","action":"GetUpdates", "result":"DeleteReceived", "context":{"id":"e849a7cd-560f-40de-a444-d5353b68d974", "isDeleted:":"true", "version":"1694526134562"}}
{"logTime": "0330/095141", "correlationVector":"GwrDCj8mIhjHA0uu4hzyQD.21","action":"GetUpdates", "result":"DeleteReceived", "context":{"id":"57b5ee9a-5f1d-4510-9162-71a30df215f2", "isDeleted:":"true", "version":"1694526145384"}}
{"logTime": "0330/095141", "correlationVector":"GwrDCj8mIhjHA0uu4hzyQD.22","action":"GetUpdates", "result":"DeleteReceived", "context":{"id":"fa4943dc-6628-47a0-9312-4ee4f0df8b92", "isDeleted:":"true", "version":"1694526149542"}}
{"logTime": "0330/095141", "correlationVector":"GwrDCj8mIhjHA0uu4hzyQD.23","action":"GetUpdates", "result":"DeleteReceived", "context":{"id":"c6ea974f-16a2-40d2-8dc7-01e1b498337f", "isDeleted:":"true", "version":"1694526228843"}}
{"logTime": "0330/095141", "correlationVector":"GwrDCj8mIhjHA0uu4hzyQD.24","action":"GetUpdates", "result":"DeleteReceived", "context":{"id":"4cf1137f-9df4-4ffa-8a99-77df3dc0e217", "isDeleted:":"true", "version":"1694526239698"}}
{"logTime": "0330/095141", "correlationVector":"GwrDCj8mIhjHA0uu4hzyQD.25","action":"GetUpdates", "result":"DeleteReceived", "context":{"id":"e8bbce63-7e22-43f3-ac77-a00697a08178", "isDeleted:":"true", "version":"1694526239699"}}
{"logTime": "0330/095141", "correlationVector":"GwrDCj8mIhjHA0uu4hzyQD.26","action":"GetUpdates", "result":"DeleteReceived", "context":{"id":"4de22836-e1ec-4398-ad13-c2088fd02316", "isDeleted:":"true", "version":"1694526296205"}}
{"logTime": "0330/095141", "correlationVector":"GwrDCj8mIhjHA0uu4hzyQD.27","action":"GetUpdates", "result":"DeleteReceived", "context":{"id":"2acbb09a-8143-4524-8492-fbb73b1ed817", "isDeleted:":"true", "version":"1696516948964"}}
{"logTime": "0330/095141", "correlationVector":"GwrDCj8mIhjHA0uu4hzyQD.28","action":"GetUpdates", "result":"DeleteReceived", "context":{"id":"2479a4dc-df61-4879-b1d6-a187aa2423c5", "isDeleted:":"true", "version":"1700283670364"}}
{"logTime": "0330/095141", "correlationVector":"GwrDCj8mIhjHA0uu4hzyQD.29","action":"GetUpdates", "result":"DeleteReceived", "context":{"id":"b7d7074d-ea2b-41ea-b3dd-2a2b7dd1ae06", "isDeleted:":"true", "version":"1700809847084"}}
{"logTime": "0330/095141", "correlationVector":"GwrDCj8mIhjHA0uu4hzyQD.30","action":"GetUpdates", "result":"DeleteReceived", "context":{"id":"276a407c-e876-4e2f-b330-d3280a96e5ff", "isDeleted:":"true", "version":"1706288605689"}}
{"logTime": "0330/095141", "correlationVector":"GwrDCj8mIhjHA0uu4hzyQD.31","action":"GetUpdates", "result":"DeleteReceived", "context":{"id":"a4bccc9e-0ac4-4012-aa7c-84c3d61e06cc", "isDeleted:":"true", "version":"1706288611516"}}
{"logTime": "0330/095141", "correlationVector":"GwrDCj8mIhjHA0uu4hzyQD.32","action":"GetUpdates", "result":"DeleteReceived", "context":{"id":"a4467152-04fe-4170-8403-7d19dc23f003", "isDeleted:":"true", "version":"1706288614731"}}
{"logTime": "0330/095141", "correlationVector":"GwrDCj8mIhjHA0uu4hzyQD.33","action":"GetUpdates", "result":"DeleteReceived", "context":{"id":"5a2b9407-ce2e-48cd-8e16-bb6ba01e9e88", "isDeleted:":"true", "version":"1706292154542"}}
{"logTime": "0330/095141", "correlationVector":"GwrDCj8mIhjHA0uu4hzyQD.34","action":"GetUpdates", "result":"DeleteReceived", "context":{"id":"46caf746-429e-4349-819c-d2bd95b7b14b", "isDeleted:":"true", "version":"1706292177450"}}
{"logTime": "0330/095141", "correlationVector":"GwrDCj8mIhjHA0uu4hzyQD.35","action":"GetUpdates", "result":"DeleteReceived", "context":{"id":"e1c1189e-35fe-47e4-8b05-6a230a541af4", "isDeleted:":"true", "version":"1706292183401"}}
{"logTime": "0330/095141", "correlationVector":"GwrDCj8mIhjHA0uu4hzyQD.36","action":"GetUpdates", "result":"DeleteReceived", "context":{"id":"8df91be5-156f-4269-b69d-14777b95990b", "isDeleted:":"true", "version":"1706292183402"}}
{"logTime": "0330/095141", "correlationVector":"GwrDCj8mIhjHA0uu4hzyQD.37","action":"GetUpdates", "result":"DeleteReceived", "context":{"id":"41c6bb0b-c94c-450d-86fd-63bbc6ae8a8f", "isDeleted:":"true", "version":"1706292189634"}}
{"logTime": "0330/095141", "correlationVector":"GwrDCj8mIhjHA0uu4hzyQD.38","action":"GetUpdates", "result":"DeleteReceived", "context":{"id":"f71a0b0c-04b8-4770-bc11-24447a0c8bcb", "isDeleted:":"true", "version":"1706292194167"}}
{"logTime": "0330/095141", "correlationVector":"GwrDCj8mIhjHA0uu4hzyQD.39","action":"GetUpdates", "result":"DeleteReceived", "context":{"id":"1fee74f2-f069-4130-b1cb-6b4607378764", "isDeleted:":"true", "version":"1706292196860"}}
{"logTime": "0330/095141", "correlationVector":"GwrDCj8mIhjHA0uu4hzyQD.40","action":"GetUpdates", "result":"DeleteReceived", "context":{"id":"2dee34c0-d621-4731-8de8-e8c7d837c07f", "isDeleted:":"true", "version":"1706292196861"}}
{"logTime": "0330/095141", "correlationVector":"GwrDCj8mIhjHA0uu4hzyQD.41","action":"GetUpdates", "result":"DeleteReceived", "context":{"id":"689bdebd-a9ad-490b-9467-164df3758244", "isDeleted:":"true", "version":"1706292200520"}}
{"logTime": "0330/095141", "correlationVector":"GwrDCj8mIhjHA0uu4hzyQD.42","action":"GetUpdates", "result":"DeleteReceived", "context":{"id":"14562496-bd7a-4855-b4fe-fb2197c1c732", "isDeleted:":"true", "version":"1706292203219"}}
{"logTime": "0330/095141", "correlationVector":"GwrDCj8mIhjHA0uu4hzyQD.43","action":"GetUpdates", "result":"DeleteReceived", "context":{"id":"344ffba9-cba1-4ade-b6cf-11abf10e1083", "isDeleted:":"true", "version":"1706292209025"}}
{"logTime": "0330/095141", "correlationVector":"GwrDCj8mIhjHA0uu4hzyQD.44","action":"GetUpdates", "result":"DeleteReceived", "context":{"id":"a3ce5e74-74d8-42da-ac21-aa71ff61a091", "isDeleted:":"true", "version":"1706292213992"}}
{"logTime": "0330/095141", "correlationVector":"GwrDCj8mIhjHA0uu4hzyQD.45","action":"GetUpdates", "result":"DeleteReceived", "context":{"id":"0eebd084-b9c5-40d4-944f-b27f2deaa33d", "isDeleted:":"true", "version":"1706292220345"}}
{"logTime": "0330/095141", "correlationVector":"GwrDCj8mIhjHA0uu4hzyQD.46","action":"GetUpdates", "result":"DeleteReceived", "context":{"id":"d6c746f5-7ad1-4813-8704-cd538d1d584a", "isDeleted:":"true", "version":"1706294835445"}}
{"logTime": "0330/095141", "correlationVector":"GwrDCj8mIhjHA0uu4hzyQD.47","action":"GetUpdates", "result":"DeleteReceived", "context":{"id":"930a4b30-843a-40c0-878f-5900a4374346", "isDeleted:":"true", "version":"1706294850650"}}
{"logTime": "0330/095141", "correlationVector":"GwrDCj8mIhjHA0uu4hzyQD.48","action":"GetUpdates", "result":"DeleteReceived", "context":{"id":"a123c46e-4261-443a-9de2-e92d4b9e8a09", "isDeleted:":"true", "version":"1706294850651"}}
{"logTime": "0330/095141", "correlationVector":"GwrDCj8mIhjHA0uu4hzyQD.49","action":"GetUpdates", "result":"DeleteReceived", "context":{"id":"c23d4d2a-2244-4b29-9df3-718efebf2efe", "isDeleted:":"true", "version":"1706294850652"}}
{"logTime": "0330/095141", "correlationVector":"GwrDCj8mIhjHA0uu4hzyQD.50","action":"GetUpdates", "result":"DeleteReceived", "context":{"id":"c30bf4b2-0a7d-4b9a-859e-792d891daebd", "isDeleted:":"true", "version":"1706294850653"}}
{"logTime": "0330/095141", "correlationVector":"GwrDCj8mIhjHA0uu4hzyQD.51","action":"GetUpdates", "result":"DeleteReceived", "context":{"id":"dc1f2f31-ce02-4ade-8aaa-ae508286d18f", "isDeleted:":"true", "version":"1706294858548"}}
{"logTime": "0330/095141", "correlationVector":"GwrDCj8mIhjHA0uu4hzyQD.52","action":"GetUpdates", "result":"DeleteReceived", "context":{"id":"4e885c6a-3090-4cf6-83b5-44276d73d81e", "isDeleted:":"true", "version":"1706294858549"}}
{"logTime": "0330/095141", "correlationVector":"GwrDCj8mIhjHA0uu4hzyQD.53","action":"GetUpdates", "result":"DeleteReceived", "context":{"id":"0c6926d3-7ee6-44d3-a1c1-b427d223db14", "isDeleted:":"true", "version":"1706294858550"}}
{"logTime": "0330/095141", "correlationVector":"GwrDCj8mIhjHA0uu4hzyQD.54","action":"GetUpdates", "result":"DeleteReceived", "context":{"id":"88afb545-94fd-429a-a55f-129f64457e41", "isDeleted:":"true", "version":"1706294861556"}}
{"logTime": "0330/095141", "correlationVector":"GwrDCj8mIhjHA0uu4hzyQD.55","action":"GetUpdates", "result":"DeleteReceived", "context":{"id":"4d55d276-b7ee-4251-aa37-baf8dc332054", "isDeleted:":"true", "version":"1706294861557"}}
{"logTime": "0330/095141", "correlationVector":"GwrDCj8mIhjHA0uu4hzyQD.56","action":"GetUpdates", "result":"DeleteReceived", "context":{"id":"7cfe7136-dc38-4455-b8e4-ce19ea4c1a0a", "isDeleted:":"true", "version":"1706294886145"}}
{"logTime": "0330/095141", "correlationVector":"GwrDCj8mIhjHA0uu4hzyQD.57","action":"GetUpdates", "result":"DeleteReceived", "context":{"id":"4bcb49ff-564e-4116-8a8b-0b4ad8b452eb", "isDeleted:":"true", "version":"1709132764817"}}
{"logTime": "0330/095141", "correlationVector":"GwrDCj8mIhjHA0uu4hzyQD.58","action":"GetUpdates", "result":"DeleteReceived", "context":{"id":"3e1dd77d-62c5-4638-b35f-510cdd7f06fb", "isDeleted:":"true", "version":"1709583768981"}}
{"logTime": "0330/095141", "correlationVector":"GwrDCj8mIhjHA0uu4hzyQD.59","action":"GetUpdates Response", "result":"Success", "context":Received 98 update(s). cV=GwrDCj8mIhjHA0uu4hzyQD.0;server=GENERAL01000005;cloudType=Consumer;environment=Prod_SoutheastAsia_000j;migrationStage=NotStarted}
{"logTime": "0330/095141", "correlationVector":"K7wqBdianQEVRKQVTrKqsC","action":"Initial GetUpdates", "result":"", "context":Reason: NEWLY_SUPPORTED_DATATYPE. cV=K7wqBdianQEVRKQVTrKqsC}
{"logTime": "0330/095141", "correlationVector":"K7wqBdianQEVRKQVTrKqsC.1","action":"SyncServerConnectionManagerRequest", "result":"SYNC_SERVER_OK", "context":{"environment":"Prod_SoutheastAsia_000j", "migrationStage":"NotStarted", "server":"GENERAL0300002A"}}
{"logTime": "0330/095142", "correlationVector":"K7wqBdianQEVRKQVTrKqsC.2","action":"GetUpdates", "result":"DeleteReceived", "context":{"id":"7254e357-c796-4df4-99c8-8c4b8d2863e7", "isDeleted:":"true", "version":"1704525052456"}}
{"logTime": "0330/095142", "correlationVector":"K7wqBdianQEVRKQVTrKqsC.3","action":"GetUpdates", "result":"DeleteReceived", "context":{"id":"9cac1866-b45d-4e15-a265-f679b8f99f7e", "isDeleted:":"true", "version":"1704525052457"}}
{"logTime": "0330/095142", "correlationVector":"K7wqBdianQEVRKQVTrKqsC.4","action":"GetUpdates", "result":"DeleteReceived", "context":{"id":"a935a47c-b6b3-4fe0-b951-64a87c7d94ef", "isDeleted:":"true", "version":"1704525052458"}}
{"logTime": "0330/095142", "correlationVector":"K7wqBdianQEVRKQVTrKqsC.5","action":"GetUpdates", "result":"DeleteReceived", "context":{"id":"2fdd4b4c-f695-4c3d-8a66-6cee9b928684", "isDeleted:":"true", "version":"1704525052459"}}
{"logTime": "0330/095142", "correlationVector":"K7wqBdianQEVRKQVTrKqsC.6","action":"GetUpdates", "result":"DeleteReceived", "context":{"id":"e5e1646f-f54f-45e4-8255-eec790c66405", "isDeleted:":"true", "version":"1704525052460"}}
{"logTime": "0330/095142", "correlationVector":"K7wqBdianQEVRKQVTrKqsC.7","action":"GetUpdates", "result":"DeleteReceived", "context":{"id":"b823f00a-7fa8-4840-b003-6668ed1b33ec", "isDeleted:":"true", "version":"1704525052461"}}
{"logTime": "0330/095142", "correlationVector":"K7wqBdianQEVRKQVTrKqsC.8","action":"GetUpdates", "result":"DeleteReceived", "context":{"id":"3528dc76-0a51-4b5c-ad45-eb437810be71", "isDeleted:":"true", "version":"1704525052462"}}
{"logTime": "0330/095142", "correlationVector":"K7wqBdianQEVRKQVTrKqsC.9","action":"GetUpdates", "result":"DeleteReceived", "context":{"id":"d13cd859-860c-4f0c-8b9a-d9ce138ac727", "isDeleted:":"true", "version":"1704525052463"}}
{"logTime": "0330/095142", "correlationVector":"K7wqBdianQEVRKQVTrKqsC.10","action":"GetUpdates", "result":"DeleteReceived", "context":{"id":"713b6c7c-2867-4a06-97b4-f705f2ca4640", "isDeleted:":"true", "version":"1704525052464"}}
{"logTime": "0330/095142", "correlationVector":"K7wqBdianQEVRKQVTrKqsC.11","action":"GetUpdates", "result":"DeleteReceived", "context":{"id":"d3a051a7-f254-479e-98f0-ccdd2ae2547d", "isDeleted:":"true", "version":"1704525052465"}}
{"logTime": "0330/095142", "correlationVector":"K7wqBdianQEVRKQVTrKqsC.12","action":"GetUpdates", "result":"DeleteReceived", "context":{"id":"e284e05d-ded2-4042-92c7-09ffac81f9d9", "isDeleted:":"true", "version":"1704525052466"}}
{"logTime": "0330/095142", "correlationVector":"K7wqBdianQEVRKQVTrKqsC.13","action":"GetUpdates", "result":"DeleteReceived", "context":{"id":"f48a2811-ab96-497b-bba3-2e9b540ea68c", "isDeleted:":"true", "version":"1704525052467"}}
{"logTime": "0330/095142", "correlationVector":"K7wqBdianQEVRKQVTrKqsC.14","action":"GetUpdates", "result":"DeleteReceived", "context":{"id":"fb2195da-ce69-45a2-8aa9-d4bca5e34489", "isDeleted:":"true", "version":"1704525052468"}}
{"logTime": "0330/095142", "correlationVector":"K7wqBdianQEVRKQVTrKqsC.15","action":"GetUpdates", "result":"DeleteReceived", "context":{"id":"8a875dd1-50b9-4a8c-bf68-66a433d7438c", "isDeleted:":"true", "version":"1704525052469"}}
{"logTime": "0330/095142", "correlationVector":"K7wqBdianQEVRKQVTrKqsC.16","action":"GetUpdates", "result":"DeleteReceived", "context":{"id":"333b9fd5-9c26-4f1a-b0cc-9bbabfaa9c8a", "isDeleted:":"true", "version":"1704525052470"}}
{"logTime": "0330/095142", "correlationVector":"K7wqBdianQEVRKQVTrKqsC.17","action":"GetUpdates", "result":"DeleteReceived", "context":{"id":"d03b3b19-e91a-4225-a73a-7f645a9739b5", "isDeleted:":"true", "version":"1704525052471"}}
{"logTime": "0330/095142", "correlationVector":"K7wqBdianQEVRKQVTrKqsC.18","action":"GetUpdates", "result":"DeleteReceived", "context":{"id":"b4b5d99e-4f88-4ae0-9c8f-43fab00cba8d", "isDeleted:":"true", "version":"1704525052472"}}
{"logTime": "0330/095142", "correlationVector":"K7wqBdianQEVRKQVTrKqsC.19","action":"GetUpdates", "result":"DeleteReceived", "context":{"id":"8bc191ea-e2a2-43f7-9e69-9b50696608a8", "isDeleted:":"true", "version":"1704525054048"}}
{"logTime": "0330/095142", "correlationVector":"K7wqBdianQEVRKQVTrKqsC.20","action":"GetUpdates", "result":"DeleteReceived", "context":{"id":"840b16d3-29d2-49d9-86fb-608999256c73", "isDeleted:":"true", "version":"1704525054049"}}
{"logTime": "0330/095142", "correlationVector":"K7wqBdianQEVRKQVTrKqsC.21","action":"GetUpdates", "result":"DeleteReceived", "context":{"id":"bc59a4d9-3e78-4355-beaf-b4328ff40dd2", "isDeleted:":"true", "version":"1704525054050"}}
{"logTime": "0330/095142", "correlationVector":"K7wqBdianQEVRKQVTrKqsC.22","action":"GetUpdates", "result":"DeleteReceived", "context":{"id":"3e71d236-bd94-450a-b5d1-2473e12698fb", "isDeleted:":"true", "version":"1704525054051"}}
{"logTime": "0330/095142", "correlationVector":"K7wqBdianQEVRKQVTrKqsC.23","action":"GetUpdates", "result":"DeleteReceived", "context":{"id":"988ab4f5-3b64-4e92-81a5-e5b4563ebd90", "isDeleted:":"true", "version":"1704525054052"}}
{"logTime": "0330/095142", "correlationVector":"K7wqBdianQEVRKQVTrKqsC.24","action":"GetUpdates", "result":"DeleteReceived", "context":{"id":"9a83dc25-73e1-417e-ae02-8e2ef47e6eea", "isDeleted:":"true", "version":"1704525054053"}}
{"logTime": "0330/095142", "correlationVector":"K7wqBdianQEVRKQVTrKqsC.25","action":"GetUpdates", "result":"DeleteReceived", "context":{"id":"0c963c98-bedc-4ebe-86a6-df77b4c59e49", "isDeleted:":"true", "version":"1704525054054"}}
{"logTime": "0330/095142", "correlationVector":"K7wqBdianQEVRKQVTrKqsC.26","action":"GetUpdates", "result":"DeleteReceived", "context":{"id":"849bee7b-af67-46fd-9182-5d78863c881c", "isDeleted:":"true", "version":"1704525054055"}}
{"logTime": "0330/095142", "correlationVector":"K7wqBdianQEVRKQVTrKqsC.27","action":"GetUpdates", "result":"DeleteReceived", "context":{"id":"c51a77ee-acfb-4287-a3e3-08971198d654", "isDeleted:":"true", "version":"1704525054056"}}
{"logTime": "0330/095142", "correlationVector":"K7wqBdianQEVRKQVTrKqsC.28","action":"GetUpdates", "result":"DeleteReceived", "context":{"id":"dad44b53-7344-49c4-a278-0a4c01a6f020", "isDeleted:":"true", "version":"1704525054057"}}
{"logTime": "0330/095142", "correlationVector":"K7wqBdianQEVRKQVTrKqsC.29","action":"GetUpdates", "result":"DeleteReceived", "context":{"id":"98bb2c69-4631-47e8-bd8e-f84b97c64f2d", "isDeleted:":"true", "version":"1704525054058"}}
{"logTime": "0330/095142", "correlationVector":"K7wqBdianQEVRKQVTrKqsC.30","action":"GetUpdates", "result":"DeleteReceived", "context":{"id":"5bfd2311-9324-4ae1-b3aa-a16f03e36a15", "isDeleted:":"true", "version":"1704525054059"}}
{"logTime": "0330/095142", "correlationVector":"K7wqBdianQEVRKQVTrKqsC.31","action":"GetUpdates", "result":"DeleteReceived", "context":{"id":"53679693-cf43-4c4f-a7a3-ea925b907c3e", "isDeleted:":"true", "version":"1704525054060"}}
{"logTime": "0330/095142", "correlationVector":"K7wqBdianQEVRKQVTrKqsC.32","action":"GetUpdates", "result":"DeleteReceived", "context":{"id":"47f6ae2f-a35a-40da-a147-5ac444542f9a", "isDeleted:":"true", "version":"1704525054061"}}
{"logTime": "0330/095142", "correlationVector":"K7wqBdianQEVRKQVTrKqsC.33","action":"GetUpdates", "result":"DeleteReceived", "context":{"id":"044b17d5-09c7-4526-890f-7cac4cada1a6", "isDeleted:":"true", "version":"1704525054062"}}
{"logTime": "0330/095142", "correlationVector":"K7wqBdianQEVRKQVTrKqsC.34","action":"GetUpdates", "result":"DeleteReceived", "context":{"id":"6cb23311-951b-4ddd-b073-55fcfcd96fdc", "isDeleted:":"true", "version":"1704525054063"}}
{"logTime": "0330/095142", "correlationVector":"K7wqBdianQEVRKQVTrKqsC.35","action":"GetUpdates", "result":"DeleteReceived", "context":{"id":"094f01b4-ce46-48fd-9581-2f22edbca455", "isDeleted:":"true", "version":"1704525054064"}}
{"logTime": "0330/095142", "correlationVector":"K7wqBdianQEVRKQVTrKqsC.36","action":"GetUpdates", "result":"DeleteReceived", "context":{"id":"1ed6ded3-8f62-4ac8-a412-28d1a2c7c22e", "isDeleted:":"true", "version":"1704525054065"}}
{"logTime": "0330/095142", "correlationVector":"K7wqBdianQEVRKQVTrKqsC.37","action":"GetUpdates", "result":"DeleteReceived", "context":{"id":"e5d98794-1280-4c2c-8c4b-e060c31dfe06", "isDeleted:":"true", "version":"1704525054066"}}
{"logTime": "0330/095142", "correlationVector":"K7wqBdianQEVRKQVTrKqsC.38","action":"GetUpdates", "result":"DeleteReceived", "context":{"id":"e5f7f830-bba9-4eec-bf28-32d99f36f6d0", "isDeleted:":"true", "version":"1704525054067"}}
{"logTime": "0330/095142", "correlationVector":"K7wqBdianQEVRKQVTrKqsC.39","action":"GetUpdates", "result":"DeleteReceived", "context":{"id":"44b68d3a-6d14-41ab-9789-2a243242ceb3", "isDeleted:":"true", "version":"1704525055645"}}
{"logTime": "0330/095142", "correlationVector":"K7wqBdianQEVRKQVTrKqsC.40","action":"GetUpdates", "result":"DeleteReceived", "context":{"id":"e3a3e1ac-1a36-4ee4-bafb-9183e34db89d", "isDeleted:":"true", "version":"1704525055646"}}
{"logTime": "0330/095142", "correlationVector":"K7wqBdianQEVRKQVTrKqsC.41","action":"GetUpdates", "result":"DeleteReceived", "context":{"id":"71c8ffc1-34e0-4412-8946-3b6feda992bb", "isDeleted:":"true", "version":"1704525055647"}}
{"logTime": "0330/095142", "correlationVector":"K7wqBdianQEVRKQVTrKqsC.42","action":"GetUpdates", "result":"DeleteReceived", "context":{"id":"bb05f4a6-5828-4850-889f-e6c5565e7869", "isDeleted:":"true", "version":"1704525055648"}}
{"logTime": "0330/095142", "correlationVector":"K7wqBdianQEVRKQVTrKqsC.43","action":"GetUpdates", "result":"DeleteReceived", "context":{"id":"3d882e57-77a1-4249-b28f-07f1e05d1492", "isDeleted:":"true", "version":"1704525055649"}}
{"logTime": "0330/095143", "correlationVector":"K7wqBdianQEVRKQVTrKqsC.44","action":"GetUpdates", "result":"DeleteReceived", "context":{"id":"111784dd-2f32-4ce7-83ae-ea29bbd6f2b8", "isDeleted:":"true", "version":"1704525055650"}}
{"logTime": "0330/095143", "correlationVector":"K7wqBdianQEVRKQVTrKqsC.45","action":"GetUpdates", "result":"DeleteReceived", "context":{"id":"c67de5fb-7ab4-441e-a81e-fff5939f9040", "isDeleted:":"true", "version":"1704525055651"}}
{"logTime": "0330/095143", "correlationVector":"K7wqBdianQEVRKQVTrKqsC.46","action":"GetUpdates", "result":"DeleteReceived", "context":{"id":"7e0b51e3-e416-4711-ae22-75faf7628696", "isDeleted:":"true", "version":"1704525055652"}}
{"logTime": "0330/095143", "correlationVector":"K7wqBdianQEVRKQVTrKqsC.47","action":"GetUpdates", "result":"DeleteReceived", "context":{"id":"d7176746-8b5d-4897-a93a-593186ba9d3b", "isDeleted:":"true", "version":"1704525055653"}}
{"logTime": "0330/095143", "correlationVector":"K7wqBdianQEVRKQVTrKqsC.48","action":"GetUpdates", "result":"DeleteReceived", "context":{"id":"4dbd186a-ff7c-4a3a-ae0c-36ec1c1c91f8", "isDeleted:":"true", "version":"1704525055654"}}
{"logTime": "0330/095143", "correlationVector":"K7wqBdianQEVRKQVTrKqsC.49","action":"GetUpdates", "result":"DeleteReceived", "context":{"id":"e7136dfc-986a-4f47-b4d2-6ab49bfc637a", "isDeleted:":"true", "version":"1704525055655"}}
{"logTime": "0330/095143", "correlationVector":"K7wqBdianQEVRKQVTrKqsC.50","action":"GetUpdates", "result":"DeleteReceived", "context":{"id":"df026064-fe88-4f31-b08c-6b8ee395c7ad", "isDeleted:":"true", "version":"1704525055656"}}
{"logTime": "0330/095143", "correlationVector":"K7wqBdianQEVRKQVTrKqsC.51","action":"GetUpdates", "result":"DeleteReceived", "context":{"id":"afc0e5de-7134-4310-b05b-b45602d17a44", "isDeleted:":"true", "version":"1704697922010"}}
{"logTime": "0330/095143", "correlationVector":"K7wqBdianQEVRKQVTrKqsC.52","action":"GetUpdates", "result":"DeleteReceived", "context":{"id":"b33a7a42-fd6a-4386-a5a2-0800badac21c", "isDeleted:":"true", "version":"1705092629596"}}
{"logTime": "0330/095143", "correlationVector":"K7wqBdianQEVRKQVTrKqsC.53","action":"GetUpdates", "result":"DeleteReceived", "context":{"id":"69b697dd-b4fd-473c-bb86-bc0367c0c41a", "isDeleted:":"true", "version":"1705093922879"}}
{"logTime": "0330/095143", "correlationVector":"K7wqBdianQEVRKQVTrKqsC.54","action":"GetUpdates Response", "result":"Success", "context":Received 180 update(s). cV=K7wqBdianQEVRKQVTrKqsC.0;server=GENERAL0300002A;cloudType=Consumer;environment=Prod_SoutheastAsia_000j;migrationStage=NotStarted}
{"logTime": "0330/095143", "correlationVector":"ykgcVQl5BNU2W5nr4ty7I+","action":"Normal GetUpdate request", "result":"", "context":cV=ykgcVQl5BNU2W5nr4ty7I+
Nudged types: Bookmarks, Device Info, User Consents
Refresh requested types: Bookmarks, Preferences, Passwords, Autofill Profiles, Extensions, Extension settings, Device Info, User Consents, Send Tab To Self, Web Apps, Collection, Edge E Drop, Edge Hub App Usage, Edge Wallet, Encryption Keys}
{"logTime": "0330/095143", "correlationVector":"ykgcVQl5BNU2W5nr4ty7I+.1","action":"SyncServerConnectionManagerRequest", "result":"SYNC_SERVER_OK", "context":{"environment":"Prod_SoutheastAsia_000j", "migrationStage":"NotStarted", "server":"GENERAL03000028"}}
{"logTime": "0330/095143", "correlationVector":"ykgcVQl5BNU2W5nr4ty7I+.2","action":"GetUpdates Response", "result":"Success", "context":Received 0 update(s). cV=ykgcVQl5BNU2W5nr4ty7I+.0;server=GENERAL03000028;cloudType=Consumer;environment=Prod_SoutheastAsia_000j;migrationStage=NotStarted}
{"logTime": "0330/095143", "correlationVector":"TOd2Ska9e7VeBPFaWYXTjd","action":"Commit Request", "result":"", "context":Item count: 8
Contributing types: Bookmarks, Device Info, User Consents}
{"logTime": "0330/095143", "correlationVector":"TOd2Ska9e7VeBPFaWYXTjd.1","action":"SyncServerConnectionManagerRequest", "result":"SYNC_SERVER_OK", "context":{"environment":"Prod_SoutheastAsia_000j", "migrationStage":"NotStarted", "server":"GENERAL0300001M"}}
{"logTime": "0330/095143", "correlationVector":"TOd2Ska9e7VeBPFaWYXTjd.2","action":"Commit Response", "result":"Success", "context":Result: Success. cV=TOd2Ska9e7VeBPFaWYXTjd.0;server=GENERAL0300001M;cloudType=Consumer;environment=Prod_SoutheastAsia_000j;migrationStage=NotStarted}
{"logTime": "0330/095143", "correlationVector":"8r6JoIiO2gMM7sUSYofT/S","action":"Normal GetUpdate request", "result":"", "context":cV=8r6JoIiO2gMM7sUSYofT/S
Nudged types: Device Info}
{"logTime": "0330/095143", "correlationVector":"8r6JoIiO2gMM7sUSYofT/S.1","action":"SyncServerConnectionManagerRequest", "result":"SYNC_SERVER_OK", "context":{"environment":"Prod_SoutheastAsia_000j", "migrationStage":"NotStarted", "server":"GENERAL0300000J"}}
{"logTime": "0330/095143", "correlationVector":"8r6JoIiO2gMM7sUSYofT/S.2","action":"GetUpdates Response", "result":"Success", "context":Received 7 update(s). cV=8r6JoIiO2gMM7sUSYofT/S.0;server=GENERAL0300000J;cloudType=Consumer;environment=Prod_SoutheastAsia_000j;migrationStage=NotStarted}
